<?xml version="1.0" encoding="UTF-8"?>
<testng-results skipped="0" failed="0" total="1" passed="1">
  <reporter-output>
  </reporter-output>
  <suite name="Default suite" duration-ms="27" started-at="2016-07-25T19:30:54Z" finished-at="2016-07-25T19:30:54Z">
    <groups>
    </groups>
    <test name="Default test" duration-ms="27" started-at="2016-07-25T19:30:54Z" finished-at="2016-07-25T19:30:54Z">
      <class name="mq.amazon_frontend.login.FR001_ValidLogin">
        <test-method status="PASS" signature="setup()[pri:0, instance:mq.amazon_frontend.login.FR001_ValidLogin@129a8472]" name="setup" is-config="true" duration-ms="9" started-at="2016-07-25T15:30:54Z" finished-at="2016-07-25T15:30:54Z">
          <reporter-output>
          </reporter-output>
        </test-method> <!-- setup -->
        <test-method status="PASS" signature="validLoginTest()[pri:0, instance:mq.amazon_frontend.login.FR001_ValidLogin@129a8472]" name="validLoginTest" duration-ms="6" started-at="2016-07-25T15:30:54Z" finished-at="2016-07-25T15:30:54Z">
          <reporter-output>
          </reporter-output>
        </test-method> <!-- validLoginTest -->
      </class> <!-- mq.amazon_frontend.login.FR001_ValidLogin -->
    </test> <!-- Default test -->
  </suite> <!-- Default suite -->
</testng-results>
